14.04.16 00:00:09 [001-01]: switching logfiles - first entry in new log
14.04.16 00:00:09 [001-01]: reset plronh 0
14.04.16 00:00:10 [002-01]: switching logfiles - first entry in new log
14.04.16 00:00:10 [002-01]: reset plronh 0
14.04.16 00:00:11 [003-01]: switching logfiles - first entry in new log
14.04.16 00:00:11 [003-01]: reset plronh 0
14.04.16 00:00:12 [004-01]: switching logfiles - first entry in new log
14.04.16 00:00:12 [004-01]: reset plronh 0
14.04.16 00:00:13 [005-01]: switching logfiles - first entry in new log
14.04.16 00:00:13 [005-01]: reset plronh 0
14.04.16 00:00:14 [006-01]: switching logfiles - first entry in new log
14.04.16 00:00:14 [006-01]: reset plronh 0
14.04.16 00:00:15 [007-01]: switching logfiles - first entry in new log
14.04.16 00:00:15 [007-01]: reset plronh 0
14.04.16 00:00:16 [008-01]: switching logfiles - first entry in new log
14.04.16 00:00:16 [008-01]: reset plronh 0
14.04.16 00:00:17 [009-01]: switching logfiles - first entry in new log
14.04.16 00:00:17 [009-01]: reset plronh 0
14.04.16 00:00:18 [010-01]: switching logfiles - first entry in new log
14.04.16 00:00:18 [010-01]: reset plronh 0
14.04.16 00:00:19 [011-01]: switching logfiles - first entry in new log
14.04.16 00:00:19 [011-01]: reset plronh 0
14.04.16 00:00:21 [012-01]: switching logfiles - first entry in new log
14.04.16 00:00:21 [012-01]: reset plronh 0
14.04.16 00:00:21 [013-01]: switching logfiles - first entry in new log
14.04.16 00:00:21 [013-01]: reset plronh 0
14.04.16 00:00:22 [014-01]: switching logfiles - first entry in new log
14.04.16 00:00:22 [014-01]: reset plronh 0
14.04.16 00:00:23 [015-01]: switching logfiles - first entry in new log
14.04.16 00:00:23 [015-01]: reset plronh 0
14.04.16 00:00:24 [016-01]: switching logfiles - first entry in new log
14.04.16 00:00:24 [016-01]: reset plronh 0
14.04.16 00:00:25 [017-01]: switching logfiles - first entry in new log
14.04.16 00:00:25 [017-01]: reset plronh 0
14.04.16 00:00:26 [018-01]: switching logfiles - first entry in new log
14.04.16 00:00:26 [018-01]: reset plronh 0
14.04.16 00:00:27 [019-01]: switching logfiles - first entry in new log
14.04.16 00:00:27 [019-01]: reset plronh 0
14.04.16 00:00:28 [020-01]: switching logfiles - first entry in new log
14.04.16 00:00:28 [020-01]: reset plronh 0
14.04.16 00:00:29 [021-01]: switching logfiles - first entry in new log
14.04.16 00:00:29 [021-01]: reset plronh 0
14.04.16 00:00:30 [022-01]: switching logfiles - first entry in new log
14.04.16 00:00:30 [022-01]: reset plronh 0
14.04.16 00:00:31 [023-01]: switching logfiles - first entry in new log
14.04.16 00:00:31 [023-01]: reset plronh 0
14.04.16 00:00:32 [024-01]: switching logfiles - first entry in new log
14.04.16 00:00:32 [024-01]: reset plronh 0
14.04.16 00:00:33 [025-01]: switching logfiles - first entry in new log
14.04.16 00:00:33 [025-01]: reset plronh 0
14.04.16 00:00:35 [026-01]: switching logfiles - first entry in new log
14.04.16 00:00:35 [026-01]: reset plronh 0
14.04.16 00:00:36 [028-01]: switching logfiles - first entry in new log
14.04.16 00:00:36 [028-01]: reset plronh 0
14.04.16 00:00:37 [029-01]: switching logfiles - first entry in new log
14.04.16 00:00:37 [029-01]: reset plronh 0
14.04.16 00:00:37 [030-01]: switching logfiles - first entry in new log
14.04.16 00:00:37 [030-01]: reset plronh 0
14.04.16 00:00:39 [031-01]: switching logfiles - first entry in new log
14.04.16 00:00:39 [031-01]: reset plronh 0
14.04.16 00:00:40 [032-01]: switching logfiles - first entry in new log
14.04.16 00:00:40 [032-01]: reset plronh 0
14.04.16 00:00:41 [033-01]: switching logfiles - first entry in new log
14.04.16 00:00:41 [033-01]: reset plronh 0
14.04.16 00:00:42 [034-01]: switching logfiles - first entry in new log
14.04.16 00:00:42 [034-01]: reset plronh 0
14.04.16 00:00:42 [035-01]: switching logfiles - first entry in new log
14.04.16 00:00:42 [035-01]: reset plronh 0
14.04.16 00:00:44 [036-01]: switching logfiles - first entry in new log
14.04.16 00:00:44 [036-01]: reset plronh 0
14.04.16 00:00:45 [037-01]: switching logfiles - first entry in new log
14.04.16 00:00:45 [037-01]: reset plronh 0
14.04.16 00:07:44 [001-01]: password for ID=320 (Naughtboii) is wrong
14.04.16 00:09:22 [003-01]: check_idle(): going to kick player 4 for being idle too long.
14.04.16 00:11:19 [001-01]: password for ID=28 (Tom) is wrong
14.04.16 00:13:49 [003-01]: Cyryk (235): goto 130 201 [ID=220,IP=82.22.14.11]
14.04.16 00:16:35 [003-01]: Cyryk (232): goto 128 206 [ID=220,IP=82.22.14.11]
14.04.16 00:17:02 [003-01]: check_idle(): going to kick player 5 for being idle too long.
14.04.16 00:23:12 [003-01]: clan 1, new training score 0
14.04.16 00:23:12 [003-01]: clan 3, new training score 0
14.04.16 00:23:55 [028-01]: check_idle(): going to kick player 1 for being idle too long.
14.04.16 00:25:27 [003-01]: Stentor (284): jump 167 188 [ID=31,IP=65.39.120.39]
14.04.16 00:26:33 [003-01]: clan 9, new training score 0
14.04.16 00:27:13 [003-01]: clan 4, new training score 0
14.04.16 00:32:48 [003-01]: Cyryk (232): goto 140 119 [ID=220,IP=82.22.14.11]
14.04.16 00:32:55 [003-01]: clan 5, new training score 0
14.04.16 00:37:44 [003-01]: check_idle(): going to kick player 6 for being idle too long.
14.04.16 00:43:35 [003-01]: Stentor (284): jump 167 188 [ID=31,IP=65.39.120.39]
14.04.16 00:44:03 [003-01]: Cyryk (232): goto 130 201 [ID=220,IP=82.22.14.11]
14.04.16 00:44:17 [003-01]: Cyryk (232): goto 130 201 [ID=220,IP=82.22.14.11]
14.04.16 00:45:32 [003-01]: Cyryk (232): goto 167 188 [ID=220,IP=82.22.14.11]
14.04.16 00:45:52 [003-01]: Cyryk (232): goto 173 212 [ID=220,IP=82.22.14.11]
14.04.16 00:46:00 [003-01]: Cyryk (232): goto 172 229 [ID=220,IP=82.22.14.11]
14.04.16 00:47:10 [003-01]: Cyryk (232): goto 89 205 [ID=220,IP=82.22.14.11]
14.04.16 00:48:07 [003-01]: Cyryk (232): goto 59 211 [ID=220,IP=82.22.14.11]
14.04.16 00:48:39 [003-01]: Cyryk (232): goto 59 211 [ID=220,IP=82.22.14.11]
14.04.16 00:59:31 [003-01]: clan 2, new training score 0
14.04.16 01:00:00 [008-01]: reset plronh 1
14.04.16 01:00:01 [009-01]: reset plronh 1
14.04.16 01:00:02 [010-01]: reset plronh 1
14.04.16 01:00:03 [011-01]: reset plronh 1
14.04.16 01:00:05 [012-01]: reset plronh 1
14.04.16 01:00:05 [013-01]: reset plronh 1
14.04.16 01:00:06 [014-01]: reset plronh 1
14.04.16 01:00:07 [015-01]: reset plronh 1
14.04.16 01:00:08 [016-01]: reset plronh 1
14.04.16 01:00:09 [017-01]: reset plronh 1
14.04.16 01:00:10 [018-01]: reset plronh 1
14.04.16 01:00:11 [019-01]: reset plronh 1
14.04.16 01:00:12 [020-01]: reset plronh 1
14.04.16 01:00:13 [021-01]: reset plronh 1
14.04.16 01:00:14 [022-01]: reset plronh 1
14.04.16 01:00:15 [023-01]: reset plronh 1
14.04.16 01:00:16 [024-01]: reset plronh 1
14.04.16 01:00:17 [025-01]: reset plronh 1
14.04.16 01:00:18 [026-01]: reset plronh 1
14.04.16 01:00:19 [028-01]: reset plronh 1
14.04.16 01:00:20 [029-01]: reset plronh 1
14.04.16 01:00:21 [030-01]: reset plronh 1
14.04.16 01:00:23 [031-01]: reset plronh 1
14.04.16 01:00:24 [032-01]: reset plronh 1
14.04.16 01:00:25 [033-01]: reset plronh 1
14.04.16 01:00:25 [034-01]: reset plronh 1
14.04.16 01:00:26 [035-01]: reset plronh 1
14.04.16 01:00:28 [036-01]: reset plronh 1
14.04.16 01:00:29 [037-01]: reset plronh 1
14.04.16 01:01:19 [001-01]: reset plronh 1
14.04.16 01:01:20 [002-01]: reset plronh 1
14.04.16 01:01:21 [003-01]: reset plronh 1
14.04.16 01:01:22 [004-01]: reset plronh 1
14.04.16 01:01:23 [005-01]: reset plronh 1
14.04.16 01:01:24 [006-01]: reset plronh 1
14.04.16 01:01:25 [007-01]: reset plronh 1
14.04.16 01:15:39 [001-01]: Freya (446): goto 111 120 [ID=29,IP=82.22.14.11]
14.04.16 01:23:17 [003-01]: clan 1, new training score 0
14.04.16 01:23:17 [003-01]: clan 3, new training score 0
14.04.16 01:26:38 [003-01]: clan 9, new training score 0
14.04.16 01:27:18 [003-01]: clan 4, new training score 0
14.04.16 01:32:23 [001-01]: Nuit (331): goto 132 128 [ID=363,IP=99.226.0.107]
14.04.16 01:33:00 [003-01]: clan 5, new training score 0
14.04.16 01:41:01 [033-01]: tick_char: got unused char 1598 (Tunnel Creeper) from getfirst/getnext (1590)!!
14.04.16 01:41:16 [033-01]: Nuit (1599): goto 17 20 [ID=363,IP=99.226.0.107]
14.04.16 01:41:19 [033-01]: Nuit (1599): goto 17 5 [ID=363,IP=99.226.0.107]
14.04.16 01:42:00 [003-01]: Nuit (353): goto 169 171 [ID=363,IP=99.226.0.107]
14.04.16 01:47:10 [003-01]: Nuit (353): goto 212 240 [ID=363,IP=99.226.0.107]
14.04.16 01:47:25 [033-01]: Nuit (1599): goto 17 5 [ID=363,IP=99.226.0.107]
14.04.16 01:47:33 [003-01]: Nuit (353): goto 169 171 [ID=363,IP=99.226.0.107]
14.04.16 01:51:50 [028-01]: Freya (159): goto 243 230 [ID=29,IP=82.22.14.11]
14.04.16 01:52:40 [028-01]: Freya (159): goto 241 230 [ID=29,IP=82.22.14.11]
14.04.16 01:59:36 [003-01]: clan 2, new training score 0
14.04.16 02:00:00 [024-01]: reset plronh 2
14.04.16 02:00:01 [025-01]: reset plronh 2
14.04.16 02:00:02 [026-01]: reset plronh 2
14.04.16 02:00:03 [028-01]: reset plronh 2
14.04.16 02:00:04 [029-01]: reset plronh 2
14.04.16 02:00:05 [030-01]: reset plronh 2
14.04.16 02:00:07 [031-01]: reset plronh 2
14.04.16 02:00:07 [032-01]: reset plronh 2
14.04.16 02:00:09 [033-01]: reset plronh 2
14.04.16 02:00:09 [034-01]: reset plronh 2
14.04.16 02:00:10 [035-01]: reset plronh 2
14.04.16 02:00:11 [036-01]: reset plronh 2
14.04.16 02:00:13 [037-01]: reset plronh 2
14.04.16 02:01:03 [001-01]: reset plronh 2
14.04.16 02:01:04 [002-01]: reset plronh 2
14.04.16 02:01:05 [003-01]: reset plronh 2
14.04.16 02:01:05 [004-01]: reset plronh 2
14.04.16 02:01:07 [005-01]: reset plronh 2
14.04.16 02:01:08 [006-01]: reset plronh 2
14.04.16 02:01:09 [007-01]: reset plronh 2
14.04.16 02:01:10 [008-01]: reset plronh 2
14.04.16 02:01:11 [009-01]: reset plronh 2
14.04.16 02:01:12 [010-01]: reset plronh 2
14.04.16 02:01:13 [011-01]: reset plronh 2
14.04.16 02:01:14 [012-01]: reset plronh 2
14.04.16 02:01:15 [013-01]: reset plronh 2
14.04.16 02:01:16 [014-01]: reset plronh 2
14.04.16 02:01:17 [015-01]: reset plronh 2
14.04.16 02:01:18 [016-01]: reset plronh 2
14.04.16 02:01:19 [017-01]: reset plronh 2
14.04.16 02:01:20 [018-01]: reset plronh 2
14.04.16 02:01:21 [019-01]: reset plronh 2
14.04.16 02:01:22 [020-01]: reset plronh 2
14.04.16 02:01:23 [021-01]: reset plronh 2
14.04.16 02:01:24 [022-01]: reset plronh 2
14.04.16 02:01:25 [023-01]: reset plronh 2
14.04.16 02:01:43 [003-01]: Ivy (284): goto 177 192 [ID=24,IP=82.22.14.11]
14.04.16 02:01:46 [003-01]: Ivy (284): goto 165 194 [ID=24,IP=82.22.14.11]
14.04.16 02:01:48 [003-01]: Ivy (284): goto 154 195 [ID=24,IP=82.22.14.11]
14.04.16 02:01:49 [003-01]: Ivy (284): goto 145 195 [ID=24,IP=82.22.14.11]
14.04.16 02:01:51 [003-01]: Ivy (284): goto 138 194 [ID=24,IP=82.22.14.11]
14.04.16 02:08:36 [003-01]: exterminate: mike by Ivy
14.04.16 02:13:59 [003-01]: Nuit (353): goto 139 204 [ID=363,IP=99.226.0.107]
14.04.16 02:16:00 [003-01]: turned raiding on for clan 6 (Elysium)
14.04.16 02:16:00 [003-01]: clan 6, new training score 0
